2023-04-17T12:48:10+00:00 CRITICAL Uncaught Error: Failed opening required '/var/www/insaitik/data/www/gos.insaitika.ru/wp-content/plugins/woocommerce/src/Admin/Features/PaymentGatewaySuggestions/EvaluateSuggestion.php' (include_path='.:/opt/alt/php81/usr/share/pear:/opt/alt/php81/usr/share/php:/usr/share/pear:/usr/share/php') in /var/www/insaitik/data/www/gos.insaitika.ru/wp-content/plugins/woocommerce/vendor/jetpack-autoloader/class-php-autoloader.php:87
Stack trace:
#0 /var/www/insaitik/data/www/gos.insaitika.ru/wp-content/plugins/woocommerce/src/Internal/Admin/WCPayPromotion/Init.php(129): Automattic\Jetpack\Autoloader\jpa018cca054321caf9c5ddfaa8a2e743d\PHP_Autoloader::load_class()
#1 /var/www/insaitik/data/www/gos.insaitika.ru/wp-content/plugins/woocommerce/src/Internal/Admin/WCPayPromotion/Init.php(108): Automattic\WooCommerce\Internal\Admin\WCPayPromotion\Init::get_promotions()
#2 /var/www/insaitik/data/www/gos.insaitika.ru/wp-content/plugins/woocommerce/src/Internal/Admin/WCPayPromotion/Init.php(78): Automattic\WooCommerce\Internal\Admin\WCPayPromotion\Init::get_wc_pay_promotion_spec()
#3 /var/www/insaitik/data/www/gos.insaitika.ru/wp-content/plugins/woocommerce/src/Internal/Admin/WCPayPromotion/Init.php(55): Automattic\WooCommerce\Internal\Admin\WCPayPromotion\Init::can_show_promotion()
#4 /var/www/insaitik/data/www/gos.insaitika.ru/wp-includes/class-wp-hook.php(308): Automattic\WooCommerce\Internal\Admin\WCPayPromotion\Init::possibly_register_pre_install_wc_pay_promotion_gateway()
#5 /var/www/insaitik/data/www/gos.insaitika.ru/wp-includes/plugin.php(205): WP_Hook->apply_filters()
#6 /var/www/insaitik/data/www/gos.insaitika.ru/wp-content/plugins/woocommerce/includes/class-wc-payment-gateways.php(88): apply_filters()
#7 /var/www/insaitik/data/www/gos.insaitika.ru/wp-content/plugins/woocommerce/includes/class-wc-payment-gateways.php(70): WC_Payment_Gateways->init()
#8 /var/www/insaitik/data/www/gos.insaitika.ru/wp-content/plugins/woocommerce/includes/class-wc-payment-gateways.php(43): WC_Payment_Gateways->__construct()
#9 /var/www/insaitik/data/www/gos.insaitika.ru/wp-content/plugins/woocommerce/includes/class-woocommerce.php(925): WC_Payment_Gateways::instance()
#10 /var/www/insaitik/data/www/gos.insaitika.ru/wp-content/plugins/woocommerce/includes/class-woocommerce.php(167): WooCommerce->payment_gateways()
#11 /var/www/insaitik/data/www/gos.insaitika.ru/wp-content/plugins/woocommerce/packages/woocommerce-blocks/src/StoreApi/Schemas/V1/CheckoutSchema.php(115): WooCommerce->__get()
#12 /var/www/insaitik/data/www/gos.insaitika.ru/wp-content/plugins/woocommerce/packages/woocommerce-blocks/src/StoreApi/Schemas/V1/AbstractSchema.php(62): Automattic\WooCommerce\StoreApi\Schemas\V1\CheckoutSchema->get_properties()
#13 /var/www/insaitik/data/www/gos.insaitika.ru/wp-content/plugins/woocommerce/packages/woocommerce-blocks/src/StoreApi/Routes/V1/AbstractRoute.php(85): Automattic\WooCommerce\StoreApi\Schemas\V1\AbstractSchema->get_item_schema()
#14 /var/www/insaitik/data/www/gos.insaitika.ru/wp-content/plugins/woocommerce/packages/woocommerce-blocks/src/StoreApi/Routes/V1/AbstractRoute.php(263): Automattic\WooCommerce\StoreApi\Routes\V1\AbstractRoute->get_item_schema()
#15 /var/www/insaitik/data/www/gos.insaitika.ru/wp-content/plugins/woocommerce/packages/woocommerce-blocks/src/StoreApi/Routes/V1/Checkout.php(70): Automattic\WooCommerce\StoreApi\Routes\V1\AbstractRoute->get_context_param()
#16 /var/www/insaitik/data/www/gos.insaitika.ru/wp-content/plugins/woocommerce/packages/woocommerce-blocks/src/StoreApi/RoutesController.php(113): Automattic\WooCommerce\StoreApi\Routes\V1\Checkout->get_args()
#17 /var/www/insaitik/data/www/gos.insaitika.ru/wp-content/plugins/woocommerce/packages/woocommerce-blocks/src/StoreApi/RoutesController.php(68): Automattic\WooCommerce\StoreApi\RoutesController->register_routes()
#18 /var/www/insaitik/data/www/gos.insaitika.ru/wp-content/plugins/woocommerce/packages/woocommerce-blocks/src/StoreApi/StoreApi.php(28): Automattic\WooCommerce\StoreApi\RoutesController->register_all_routes()
#19 /var/www/insaitik/data/www/gos.insaitika.ru/wp-includes/class-wp-hook.php(308): Automattic\WooCommerce\StoreApi\StoreApi->Automattic\WooCommerce\StoreApi\{closure}()
#20 /var/www/insaitik/data/www/gos.insaitika.ru/wp-includes/class-wp-hook.php(332): WP_Hook->apply_filters()
#21 /var/www/insaitik/data/www/gos.insaitika.ru/wp-includes/plugin.php(517): WP_Hook->do_action()
#22 /var/www/insaitik/data/www/gos.insaitika.ru/wp-includes/rest-api.php(577): do_action()
#23 /var/www/insaitik/data/www/gos.insaitika.ru/wp-includes/rest-api.php(403): rest_get_server()
#24 /var/www/insaitik/data/www/gos.insaitika.ru/wp-includes/class-wp-hook.php(308): rest_api_loaded()
#25 /var/www/insaitik/data/www/gos.insaitika.ru/wp-includes/class-wp-hook.php(332): WP_Hook->apply_filters()
#26 /var/www/insaitik/data/www/gos.insaitika.ru/wp-includes/plugin.php(565): WP_Hook->do_action()
#27 /var/www/insaitik/data/www/gos.insaitika.ru/wp-includes/class-wp.php(399): do_action_ref_array()
#28 /var/www/insaitik/data/www/gos.insaitika.ru/wp-includes/class-wp.php(780): WP->parse_request()
#29 /var/www/insaitik/data/www/gos.insaitika.ru/wp-includes/functions.php(1334): WP->main()
#30 /var/www/insaitik/data/www/gos.insaitika.ru/wp-blog-header.php(16): wp()
#31 /var/www/insaitik/data/www/gos.insaitika.ru/index.php(17): require('/var/www/insait...')
#32 {main}
  thrown в /var/www/insaitik/data/www/gos.insaitika.ru/wp-content/plugins/woocommerce/vendor/jetpack-autoloader/class-php-autoloader.php на строке 87

